<?xml version="1.0" encoding="UTF-8"?>
<testng-results total="2" passed="2" failed="0" skipped="0">
  <reporter-output>
  </reporter-output>
  <suite started-at="2021-09-23T03:10:27Z" name="Default suite" finished-at="2021-09-23T03:10:27Z" duration-ms="13">
    <groups>
    </groups>
    <test started-at="2021-09-23T03:10:27Z" name="Default test" finished-at="2021-09-23T03:10:27Z" duration-ms="13">
      <class name="com.example.demo.TestingAnnotationsForTestNG">
        <test-method is-config="true" signature="testBeforeSuite()[pri:0, instance:com.example.demo.TestingAnnotationsForTestNG@1a72a540]" started-at="2021-09-23T06:10:27Z" name="testBeforeSuite" finished-at="2021-09-23T06:10:27Z" duration-ms="5" status="PASS">
          <reporter-output>
          </reporter-output>
        </test-method> <!-- testBeforeSuite -->
        <test-method is-config="true" signature="testBeforeTest()[pri:0, instance:com.example.demo.TestingAnnotationsForTestNG@1a72a540]" started-at="2021-09-23T06:10:27Z" name="testBeforeTest" finished-at="2021-09-23T06:10:27Z" duration-ms="0" status="PASS">
          <reporter-output>
          </reporter-output>
        </test-method> <!-- testBeforeTest -->
        <test-method is-config="true" signature="testBeforeClass()[pri:0, instance:com.example.demo.TestingAnnotationsForTestNG@1a72a540]" started-at="2021-09-23T06:10:27Z" name="testBeforeClass" finished-at="2021-09-23T06:10:27Z" duration-ms="0" status="PASS">
          <reporter-output>
          </reporter-output>
        </test-method> <!-- testBeforeClass -->
        <test-method is-config="true" signature="testBeforeMethod()[pri:0, instance:com.example.demo.TestingAnnotationsForTestNG@1a72a540]" started-at="2021-09-23T06:10:27Z" name="testBeforeMethod" finished-at="2021-09-23T06:10:27Z" duration-ms="1" status="PASS">
          <reporter-output>
          </reporter-output>
        </test-method> <!-- testBeforeMethod -->
        <test-method signature="test01()[pri:0, instance:com.example.demo.TestingAnnotationsForTestNG@1a72a540]" started-at="2021-09-23T06:10:27Z" name="test01" finished-at="2021-09-23T06:10:27Z" duration-ms="3" status="PASS">
          <reporter-output>
          </reporter-output>
        </test-method> <!-- test01 -->
        <test-method is-config="true" signature="testAfterMethod()[pri:0, instance:com.example.demo.TestingAnnotationsForTestNG@1a72a540]" started-at="2021-09-23T06:10:27Z" name="testAfterMethod" finished-at="2021-09-23T06:10:27Z" duration-ms="0" status="PASS">
          <reporter-output>
          </reporter-output>
        </test-method> <!-- testAfterMethod -->
        <test-method is-config="true" signature="testBeforeMethod()[pri:0, instance:com.example.demo.TestingAnnotationsForTestNG@1a72a540]" started-at="2021-09-23T06:10:27Z" name="testBeforeMethod" finished-at="2021-09-23T06:10:27Z" duration-ms="1" status="PASS">
          <reporter-output>
          </reporter-output>
        </test-method> <!-- testBeforeMethod -->
        <test-method signature="test02()[pri:0, instance:com.example.demo.TestingAnnotationsForTestNG@1a72a540]" started-at="2021-09-23T06:10:27Z" name="test02" finished-at="2021-09-23T06:10:27Z" duration-ms="0" status="PASS">
          <reporter-output>
          </reporter-output>
        </test-method> <!-- test02 -->
        <test-method is-config="true" signature="testAfterMethod()[pri:0, instance:com.example.demo.TestingAnnotationsForTestNG@1a72a540]" started-at="2021-09-23T06:10:27Z" name="testAfterMethod" finished-at="2021-09-23T06:10:27Z" duration-ms="0" status="PASS">
          <reporter-output>
          </reporter-output>
        </test-method> <!-- testAfterMethod -->
        <test-method is-config="true" signature="testAfterClass()[pri:0, instance:com.example.demo.TestingAnnotationsForTestNG@1a72a540]" started-at="2021-09-23T06:10:27Z" name="testAfterClass" finished-at="2021-09-23T06:10:27Z" duration-ms="0" status="PASS">
          <reporter-output>
          </reporter-output>
        </test-method> <!-- testAfterClass -->
        <test-method is-config="true" signature="testAfterTest()[pri:0, instance:com.example.demo.TestingAnnotationsForTestNG@1a72a540]" started-at="2021-09-23T06:10:27Z" name="testAfterTest" finished-at="2021-09-23T06:10:27Z" duration-ms="0" status="PASS">
          <reporter-output>
          </reporter-output>
        </test-method> <!-- testAfterTest -->
        <test-method is-config="true" signature="testAfterSuite()[pri:0, instance:com.example.demo.TestingAnnotationsForTestNG@1a72a540]" started-at="2021-09-23T06:10:27Z" name="testAfterSuite" finished-at="2021-09-23T06:10:27Z" duration-ms="0" status="PASS">
          <reporter-output>
          </reporter-output>
        </test-method> <!-- testAfterSuite -->
      </class> <!-- com.example.demo.TestingAnnotationsForTestNG -->
    </test> <!-- Default test -->
  </suite> <!-- Default suite -->
</testng-results>
